<?xml version="1.0" encoding="UTF-8"?>
<!-- Generated by org.testng.reporters.JUnitReportReporter -->
<testsuite hostname="Onkars-MacBook-Pro.local" failures="0" tests="1" name="com.mw.testcases.FlipkartIphones" time="0.155" errors="0" timestamp="2025-09-16T15:59:48 IST" skipped="0">
  <testcase classname="com.mw.testcases.FlipkartIphones" name="f" time="0.155"/>
</testsuite> <!-- com.mw.testcases.FlipkartIphones -->
