<?xml version="1.0" encoding="UTF-8"?>
<!-- Generated by org.testng.reporters.JUnitReportReporter -->
<testsuite hostname="Onkars-MacBook-Pro.local" failures="0" tests="2" name="com.mw.rough.BeforeTestEx" time="0.003" errors="0" timestamp="2025-09-18T12:55:11 IST" skipped="0">
  <testcase classname="com.mw.rough.BeforeTestEx" name="test1" time="0.002"/>
  <testcase classname="com.mw.rough.BeforeTestEx" name="test2" time="0.001"/>
</testsuite> <!-- com.mw.rough.BeforeTestEx -->
