<?xml version="1.0" encoding="UTF-8"?>
<!-- Generated by org.testng.reporters.JUnitReportReporter -->
<testsuite hostname="Onkars-MacBook-Pro.local" failures="0" tests="4" name="com.mw.rough.BeforeMethodTest" time="0.007" errors="0" timestamp="2025-09-18T12:59:57 IST" skipped="0">
  <testcase classname="com.mw.rough.BeforeMethodTest" name="testAddition" time="0.002"/>
  <testcase classname="com.mw.rough.BeforeMethodTest" name="testMultiplication" time="0.001"/>
  <testcase classname="com.mw.rough.BeforeMethodTest" name="testSubtraction" time="0.003"/>
  <testcase classname="com.mw.rough.BeforeMethodTest" name="testDivision" time="0.001"/>
</testsuite> <!-- com.mw.rough.BeforeMethodTest -->
