<?xml version="1.0" encoding="UTF-8"?>
<!-- Generated by org.testng.reporters.JUnitReportReporter -->
<testsuite hostname="Onkars-MacBook-Pro.local" failures="0" tests="3" name="com.mw.testcases.AddCustomer" time="7.060" errors="0" timestamp="2025-09-17T12:30:14 IST" skipped="0">
  <testcase classname="com.mw.testcases.AddCustomer" name="addCustomer" time="2.212">
    <system-out>
      <![CDATA[Customer Added successfully]]>
    </system-out>
  </testcase> <!-- addCustomer -->
  <testcase classname="com.mw.testcases.AddCustomer" name="addCustomer" time="2.214">
    <system-out>
      <![CDATA[Customer Added successfully]]>
    </system-out>
  </testcase> <!-- addCustomer -->
  <testcase classname="com.mw.testcases.AddCustomer" name="addCustomer" time="2.634">
    <system-out>
      <![CDATA[Customer Added successfully]]>
    </system-out>
  </testcase> <!-- addCustomer -->
  <system-out>
    <![CDATA[<a target="blank" href="/Users/onkumar/Documents/Screenshot2020-12-10.png"><img src="/Users/onkumar/Documents/Screenshot2020-12-10.png" height=100 width=100></img></a>
Customer Added successfully
Customer Added successfully
Customer Added successfully]]>
  </system-out>
</testsuite> <!-- com.mw.testcases.AddCustomer -->
