<?xml version="1.0" encoding="UTF-8"?>
<!-- Generated by org.testng.reporters.JUnitReportReporter -->
<testsuite hostname="Onkars-MacBook-Pro.local" failures="0" tests="6" name="com.mw.rough.GeneralTests" time="0.008" errors="0" timestamp="2025-09-17T13:14:27 IST" skipped="0">
  <testcase classname="com.mw.rough.GeneralTests" name="f2" time="0.001"/>
  <testcase classname="com.mw.rough.GeneralTests" name="f2" time="0.001"/>
  <testcase classname="com.mw.rough.GeneralTests" name="f" time="0.001"/>
  <testcase classname="com.mw.rough.GeneralTests" name="f" time="0.004"/>
  <testcase classname="com.mw.rough.GeneralTests" name="f3" time="0.000"/>
  <testcase classname="com.mw.rough.GeneralTests" name="f3" time="0.001"/>
</testsuite> <!-- com.mw.rough.GeneralTests -->
