<?xml version="1.0" encoding="UTF-8"?>
<!-- Generated by org.testng.reporters.JUnitReportReporter -->
<testsuite hostname="Onkars-MacBook-Pro.local" failures="0" tests="1" name="com.mw.testcases.Rough" time="5.011" errors="0" timestamp="2025-09-17T10:28:55 IST" skipped="0">
  <testcase classname="com.mw.testcases.Rough" name="f" time="5.011"/>
</testsuite> <!-- com.mw.testcases.Rough -->
